  stdafx.cpp
  Bullet.cpp
  Framework.cpp
  GameObject.cpp
  InputMgr.cpp
  HitBox.cpp
  main.cpp
  SpriteGo.cpp
  Scene.cpp
  Player.cpp
C:\Users\천민성\Desktop\starduevelly\stardewValley-mokup\Player.cpp(149,22): warning C4244: '인수': 'int'에서 'float'(으)로 변환하면서 데이터가 손실될 수 있습니다.
  (소스 파일 '/Player.cpp'을(를) 컴파일하는 중)
  
C:\Users\천민성\Desktop\starduevelly\stardewValley-mokup\Player.cpp(149,15): warning C4244: '인수': 'int'에서 'float'(으)로 변환하면서 데이터가 손실될 수 있습니다.
  (소스 파일 '/Player.cpp'을(를) 컴파일하는 중)
  
  SceneDev1.cpp
C:\Users\천민성\Desktop\starduevelly\stardewValley-mokup\SceneDev1.cpp(1,1): warning C4819: 현재 코드 페이지(949)에서 표시할 수 없는 문자가 파일에 들어 있습니다. 데이터가 손실되지 않게 하려면 해당 파일을 유니코드 형식으로 저장하십시오.
  SceneDev2.cpp
  SceneMgr.cpp
  SceneGame.cpp
  TextGo.cpp
  Utils.cpp
C:\Users\천민성\Desktop\starduevelly\stardewValley-mokup\Framework\Utils.cpp(268,16): warning C4267: '초기화 중': 'size_t'에서 'int'(으)로 변환하면서 데이터가 손실될 수 있습니다.
  (소스 파일 '/Framework/Utils.cpp'을(를) 컴파일하는 중)
  
C:\Users\천민성\Desktop\starduevelly\stardewValley-mokup\Framework\Utils.cpp(295,16): warning C4267: '초기화 중': 'size_t'에서 'int'(으)로 변환하면서 데이터가 손실될 수 있습니다.
  (소스 파일 '/Framework/Utils.cpp'을(를) 컴파일하는 중)
  
  TileMap.cpp
  Variables.cpp
  Zombie.cpp
C:\Users\천민성\Desktop\starduevelly\stardewValley-mokup\Zombie.cpp(102,12): warning C4244: '=': 'float'에서 'int'(으)로 변환하면서 데이터가 손실될 수 있습니다.
  (소스 파일 '/Zombie.cpp'을(를) 컴파일하는 중)
  
C:\Users\천민성\Desktop\starduevelly\stardewValley-mokup\Zombie.cpp(110,12): warning C4244: '=': 'float'에서 'int'(으)로 변환하면서 데이터가 손실될 수 있습니다.
  (소스 파일 '/Zombie.cpp'을(를) 컴파일하는 중)
  
C:\Users\천민성\Desktop\starduevelly\stardewValley-mokup\Zombie.cpp(118,12): warning C4244: '=': 'float'에서 'int'(으)로 변환하면서 데이터가 손실될 수 있습니다.
  (소스 파일 '/Zombie.cpp'을(를) 컴파일하는 중)
  
C:\Users\천민성\Desktop\starduevelly\stardewValley-mokup\Zombie.cpp(127,36): warning C4244: '인수': 'int'에서 'float'(으)로 변환하면서 데이터가 손실될 수 있습니다.
  (소스 파일 '/Zombie.cpp'을(를) 컴파일하는 중)
  
C:\Users\천민성\Desktop\starduevelly\stardewValley-mokup\Zombie.cpp(127,23): warning C4244: '인수': 'int'에서 'float'(으)로 변환하면서 데이터가 손실될 수 있습니다.
  (소스 파일 '/Zombie.cpp'을(를) 컴파일하는 중)
  
C:\Users\천민성\Desktop\starduevelly\stardewValley-mokup\Zombie.cpp(127,19): warning C4244: '=': 'float'에서 'int'(으)로 변환하면서 데이터가 손실될 수 있습니다.
  (소스 파일 '/Zombie.cpp'을(를) 컴파일하는 중)
  
  코드를 생성하고 있습니다...
  LINK : ..\sfml-zombie-bin\sfml-zombie-d.exe을(를) 찾을 수 없거나 마지막 증분 링크에 의해 빌드되지 않았습니다. 전체 링크를 수행하고 있습니다.
  sfml-zombie.vcxproj -> C:\Users\천민성\Desktop\starduevelly\sfml-zombie-bin\sfml-zombie-d.exe
